  main_STUDIO.cpp
source\main_STUDIO.cpp(360): warning C4244: return: преобразование "double" в "float", возможна потеря данных
source\main_STUDIO.cpp(914): warning C4244: =: преобразование "double" в "float", возможна потеря данных
source\main_STUDIO.cpp(1070): warning C4805: ==: небезопасное смешение типа "float" и типа "bool" в операции
source\main_STUDIO.cpp(1092): warning C4805: ==: небезопасное смешение типа "float" и типа "bool" в операции
source\main_STUDIO.cpp(1112): warning C4805: ==: небезопасное смешение типа "float" и типа "bool" в операции
source\main_STUDIO.cpp(1120): warning C4244: =: преобразование "double" в "float", возможна потеря данных
source\main_STUDIO.cpp(1121): warning C4244: =: преобразование "double" в "float", возможна потеря данных
source\main_STUDIO.cpp(1122): warning C4244: =: преобразование "double" в "float", возможна потеря данных
source\main_STUDIO.cpp(1153): warning C4805: ==: небезопасное смешение типа "float" и типа "bool" в операции
source\main_STUDIO.cpp(1163): warning C4244: =: преобразование "double" в "float", возможна потеря данных
source\main_STUDIO.cpp(1164): warning C4244: =: преобразование "double" в "float", возможна потеря данных
source\main_STUDIO.cpp(1165): warning C4244: =: преобразование "double" в "float", возможна потеря данных
source\main_STUDIO.cpp(1200): warning C4244: =: преобразование "double" в "float", возможна потеря данных
source\main_STUDIO.cpp(1201): warning C4244: =: преобразование "double" в "float", возможна потеря данных
source\main_STUDIO.cpp(1202): warning C4244: =: преобразование "double" в "float", возможна потеря данных
source\main_STUDIO.cpp(1204): warning C4244: =: преобразование "double" в "float", возможна потеря данных
source\main_STUDIO.cpp(1205): warning C4244: =: преобразование "double" в "float", возможна потеря данных
source\main_STUDIO.cpp(1206): warning C4244: =: преобразование "double" в "float", возможна потеря данных
source\main_STUDIO.cpp(1274): warning C4800: double: принудительно задано логическое значение "true" или "false" (предупреждение о производительности)
source\main_STUDIO.cpp(1275): warning C4244: =: преобразование "double" в "float", возможна потеря данных
source\main_STUDIO.cpp(1307): warning C4244: =: преобразование "double" в "float", возможна потеря данных
source\main_STUDIO.cpp(1308): warning C4244: =: преобразование "double" в "float", возможна потеря данных
source\main_STUDIO.cpp(1309): warning C4244: =: преобразование "double" в "float", возможна потеря данных
source\main_STUDIO.cpp(1311): warning C4244: =: преобразование "double" в "float", возможна потеря данных
source\main_STUDIO.cpp(1312): warning C4244: =: преобразование "double" в "float", возможна потеря данных
source\main_STUDIO.cpp(1313): warning C4244: =: преобразование "double" в "float", возможна потеря данных
source\main_STUDIO.cpp(1324): warning C4838: преобразование из "double" в "float" требует сужающего преобразования
source\main_STUDIO.cpp(1324): warning C4244: инициализация: преобразование "double" в "float", возможна потеря данных
source\main_STUDIO.cpp(1325): warning C4838: преобразование из "double" в "float" требует сужающего преобразования
source\main_STUDIO.cpp(1325): warning C4244: инициализация: преобразование "double" в "float", возможна потеря данных
source\main_STUDIO.cpp(1330): warning C4244: =: преобразование "double" в "float", возможна потеря данных
source\main_STUDIO.cpp(1331): warning C4244: =: преобразование "double" в "float", возможна потеря данных
source\main_STUDIO.cpp(1332): warning C4244: =: преобразование "double" в "float", возможна потеря данных
source\main_STUDIO.cpp(1334): warning C4244: =: преобразование "double" в "float", возможна потеря данных
source\main_STUDIO.cpp(1335): warning C4244: =: преобразование "double" в "float", возможна потеря данных
source\main_STUDIO.cpp(1336): warning C4244: =: преобразование "double" в "float", возможна потеря данных
source\main_STUDIO.cpp(1346): warning C4244: =: преобразование "double" в "float", возможна потеря данных
source\main_STUDIO.cpp(1361): warning C4244: =: преобразование "double" в "float", возможна потеря данных
source\main_STUDIO.cpp(1362): warning C4244: =: преобразование "double" в "float", возможна потеря данных
source\main_STUDIO.cpp(1603): warning C4244: аргумент: преобразование "double" в "float", возможна потеря данных
source\main_STUDIO.cpp(1612): warning C4244: =: преобразование "double" в "float", возможна потеря данных
source\main_STUDIO.cpp(1643): warning C4244: =: преобразование "double" в "float", возможна потеря данных
source\main_STUDIO.cpp(1644): warning C4244: =: преобразование "double" в "float", возможна потеря данных
source\main_STUDIO.cpp(1645): warning C4244: =: преобразование "double" в "float", возможна потеря данных
source\main_STUDIO.cpp(1654): warning C4838: преобразование из "double" в "float" требует сужающего преобразования
source\main_STUDIO.cpp(1654): warning C4244: инициализация: преобразование "double" в "float", возможна потеря данных
source\main_STUDIO.cpp(1672): warning C4244: =: преобразование "double" в "float", возможна потеря данных
source\main_STUDIO.cpp(1681): warning C4244: аргумент: преобразование "double" в "float", возможна потеря данных
source\main_STUDIO.cpp(1705): warning C4244: аргумент: преобразование "double" в "float", возможна потеря данных
source\main_STUDIO.cpp(1709): warning C4244: аргумент: преобразование "double" в "float", возможна потеря данных
source\main_STUDIO.cpp(1713): warning C4244: аргумент: преобразование "double" в "float", возможна потеря данных
source\main_STUDIO.cpp(1717): warning C4244: аргумент: преобразование "double" в "float", возможна потеря данных
source\main_STUDIO.cpp(1721): warning C4244: аргумент: преобразование "double" в "float", возможна потеря данных
source\main_STUDIO.cpp(1868): warning C4244: аргумент: преобразование "double" в "float", возможна потеря данных
source\main_STUDIO.cpp(1872): warning C4244: аргумент: преобразование "double" в "float", возможна потеря данных
source\main_STUDIO.cpp(1876): warning C4244: аргумент: преобразование "double" в "float", возможна потеря данных
source\main_STUDIO.cpp(1880): warning C4244: аргумент: преобразование "double" в "float", возможна потеря данных
source\main_STUDIO.cpp(1884): warning C4244: аргумент: преобразование "double" в "float", возможна потеря данных
source\main_STUDIO.cpp(2033): warning C4244: аргумент: преобразование "double" в "float", возможна потеря данных
source\main_STUDIO.cpp(2078): warning C4244: аргумент: преобразование "double" в "float", возможна потеря данных
source\main_STUDIO.cpp(2096): warning C4244: аргумент: преобразование "double" в "float", возможна потеря данных
source\main_STUDIO.cpp(2116): warning C4244: =: преобразование "double" в "float", возможна потеря данных
source\main_STUDIO.cpp(2117): warning C4244: =: преобразование "double" в "float", возможна потеря данных
source\main_STUDIO.cpp(2118): warning C4244: =: преобразование "double" в "float", возможна потеря данных
source\main_STUDIO.cpp(2119): warning C4244: =: преобразование "double" в "float", возможна потеря данных
source\main_STUDIO.cpp(2120): warning C4244: =: преобразование "double" в "float", возможна потеря данных
source\main_STUDIO.cpp(2121): warning C4244: =: преобразование "double" в "float", возможна потеря данных
source\main_STUDIO.cpp(2139): warning C4838: преобразование из "double" в "float" требует сужающего преобразования
source\main_STUDIO.cpp(2139): warning C4244: инициализация: преобразование "double" в "float", возможна потеря данных
source\main_STUDIO.cpp(2150): warning C4838: преобразование из "double" в "float" требует сужающего преобразования
source\main_STUDIO.cpp(2150): warning C4244: инициализация: преобразование "double" в "float", возможна потеря данных
source\main_STUDIO.cpp(2159): warning C4838: преобразование из "double" в "float" требует сужающего преобразования
source\main_STUDIO.cpp(2159): warning C4244: инициализация: преобразование "double" в "float", возможна потеря данных
source\main_STUDIO.cpp(2160): warning C4838: преобразование из "double" в "float" требует сужающего преобразования
source\main_STUDIO.cpp(2160): warning C4244: инициализация: преобразование "double" в "float", возможна потеря данных
source\main_STUDIO.cpp(2169): warning C4838: преобразование из "double" в "float" требует сужающего преобразования
source\main_STUDIO.cpp(2169): warning C4244: инициализация: преобразование "double" в "float", возможна потеря данных
source\main_STUDIO.cpp(2221): warning C4244: аргумент: преобразование "double" в "float", возможна потеря данных
source\main_STUDIO.cpp(2241): warning C4244: аргумент: преобразование "double" в "float", возможна потеря данных
source\main_STUDIO.cpp(2245): warning C4244: аргумент: преобразование "double" в "float", возможна потеря данных
source\main_STUDIO.cpp(2249): warning C4244: аргумент: преобразование "double" в "float", возможна потеря данных
source\main_STUDIO.cpp(2253): warning C4244: аргумент: преобразование "double" в "float", возможна потеря данных
source\main_STUDIO.cpp(2257): warning C4244: аргумент: преобразование "double" в "float", возможна потеря данных
source\main_STUDIO.cpp(2859): warning C4244: аргумент: преобразование "double" в "float", возможна потеря данных
source\main_STUDIO.cpp(2943): warning C4244: инициализация: преобразование "double" в "float", возможна потеря данных
source\main_STUDIO.cpp(2964): warning C4244: инициализация: преобразование "double" в "float", возможна потеря данных
source\main_STUDIO.cpp(3229): warning C4244: =: преобразование "double" в "float", возможна потеря данных
source\main_STUDIO.cpp(3243): warning C4244: =: преобразование "double" в "float", возможна потеря данных
source\main_STUDIO.cpp(3257): warning C4244: =: преобразование "double" в "float", возможна потеря данных
     Создается библиотека C:\Users\elpoep\Documents\GitHub\GMFMODSimpleGrix\vsproject\Release\lib_audio.lib и объект C:\Users\elpoep\Documents\GitHub\GMFMODSimpleGrix\vsproject\Release\lib_audio.exp
  Создание кода
  Создание кода завершено
  GMFMODSimpleGrix.vcxproj -> C:\Users\elpoep\Documents\GitHub\GMFMODSimpleGrix\vsproject\Release\lib_audio.dll
