C:\LIBRARIES\DEV\GMFMODSIMPLEDEMO\VSPROJECT\DEBUG\VC110.PDB
C:\LIBRARIES\DEV\GMFMODSIMPLEDEMO\VSPROJECT\DEBUG\MAIN_STUDIO.OBJ
C:\Libraries\Dev\GMFMODSimpleDemo\vsproject\Debug\GMFMODSimpleGrix.lib
C:\Libraries\Dev\GMFMODSimpleDemo\vsproject\Debug\GMFMODSimpleGrix.exp
C:\LIBRARIES\DEV\GMFMODSIMPLEDEMO\VSPROJECT\DEBUG\GMFMODSIMPLEGRIX.ILK
C:\LIBRARIES\DEV\GMFMODSIMPLEDEMO\VSPROJECT\DEBUG\GMFMODSIMPLEGRIX.DLL
C:\LIBRARIES\DEV\GMFMODSIMPLEDEMO\VSPROJECT\DEBUG\GMFMODSIMPLEGRIX.PDB
C:\Libraries\Dev\GMFMODSimpleDemo\vsproject\Debug\main_STUDIO.obj
C:\Libraries\Dev\GMFMODSimpleDemo\vsproject\Debug\GMFMODSimpleGrix.ilk
C:\Libraries\Dev\GMFMODSimpleDemo\vsproject\Debug\cl.command.1.tlog
C:\Libraries\Dev\GMFMODSimpleDemo\vsproject\Debug\CL.read.1.tlog
C:\Libraries\Dev\GMFMODSimpleDemo\vsproject\Debug\CL.write.1.tlog
C:\Libraries\Dev\GMFMODSimpleDemo\vsproject\Debug\GMFMODSimpleGrix.write.1.tlog
C:\Libraries\Dev\GMFMODSimpleDemo\vsproject\Debug\link-cvtres.read.1.tlog
C:\Libraries\Dev\GMFMODSimpleDemo\vsproject\Debug\link-cvtres.write.1.tlog
C:\Libraries\Dev\GMFMODSimpleDemo\vsproject\Debug\link-rc.read.1.tlog
C:\Libraries\Dev\GMFMODSimpleDemo\vsproject\Debug\link-rc.write.1.tlog
C:\Libraries\Dev\GMFMODSimpleDemo\vsproject\Debug\link.7872-cvtres.read.1.tlog
C:\Libraries\Dev\GMFMODSimpleDemo\vsproject\Debug\link.7872-cvtres.write.1.tlog
C:\Libraries\Dev\GMFMODSimpleDemo\vsproject\Debug\link.7872-rc.read.1.tlog
C:\Libraries\Dev\GMFMODSimpleDemo\vsproject\Debug\link.7872-rc.write.1.tlog
C:\Libraries\Dev\GMFMODSimpleDemo\vsproject\Debug\link.7872.read.1.tlog
C:\Libraries\Dev\GMFMODSimpleDemo\vsproject\Debug\link.7872.write.1.tlog
C:\Libraries\Dev\GMFMODSimpleDemo\vsproject\Debug\link.command.1.tlog
C:\Libraries\Dev\GMFMODSimpleDemo\vsproject\Debug\link.read.1.tlog
C:\Libraries\Dev\GMFMODSimpleDemo\vsproject\Debug\link.write.1.tlog
C:\Libraries\Dev\GMFMODSimpleDemo\vsproject\Debug\vc110.idb
C:\Libraries\Dev\GMFMODSimpleDemo\vsproject\Debug\GMFMODSimpleGrix.pdb
C:\Libraries\Dev\GMFMODSimpleDemo\vsproject\Debug\vc110.pdb
C:\Libraries\Dev\GMFMODSimpleDemo\vsproject\Debug\GMFMODSimpleGrix.dll
